

============================== 2023-05-23 15:27:01.618964 | cc08b45a-aa9e-4bbe-86e8-d25d05063928 ==============================
[0m15:27:01.618964 [info ] [MainThread]: Running with dbt=1.4.6
[0m15:27:01.620996 [debug] [MainThread]: running dbt with arguments {'write_json': True, 'use_colors': True, 'printer_width': 80, 'version_check': True, 'partial_parse': True, 'static_parser': True, 'profiles_dir': '/home/vscode/.dbt', 'send_anonymous_usage_stats': True, 'quiet': False, 'no_print': False, 'cache_selected_only': False, 'skip_profile_setup': False, 'which': 'init', 'indirect_selection': 'eager'}
[0m15:27:01.621339 [debug] [MainThread]: Tracking: tracking
[0m15:27:01.624288 [debug] [MainThread]: Sending event: {'category': 'dbt', 'action': 'invocation', 'label': 'start', 'context': [<snowplow_tracker.self_describing_json.SelfDescribingJson object at 0x7f74331c3c10>, <snowplow_tracker.self_describing_json.SelfDescribingJson object at 0x7f74331c0490>, <snowplow_tracker.self_describing_json.SelfDescribingJson object at 0x7f74331c3b20>]}
[0m15:27:01.624908 [info ] [MainThread]: Creating dbt configuration folder at /home/vscode/.dbt
[0m15:27:16.631608 [debug] [MainThread]: Starter project path: /home/vscode/.local/lib/python3.10/site-packages/dbt/include/starter_project
[0m15:33:13.919555 [info ] [MainThread]: Profile coffee_shop_maxt written to /home/vscode/.dbt/profiles.yml using target's profile_template.yml and your supplied values. Run 'dbt debug' to validate the connection.
[0m15:33:13.920698 [info ] [MainThread]: 
Your new dbt project "coffee_shop_maxt" was created!

For more information on how to configure the profiles.yml file,
please consult the dbt documentation here:

  https://docs.getdbt.com/docs/configure-your-profile

One more thing:

Need help? Don't hesitate to reach out to us via GitHub issues or on Slack:

  https://community.getdbt.com/

Happy modeling!

[0m15:33:13.921642 [debug] [MainThread]: Sending event: {'category': 'dbt', 'action': 'invocation', 'label': 'end', 'context': [<snowplow_tracker.self_describing_json.SelfDescribingJson object at 0x7f74331c3c10>, <snowplow_tracker.self_describing_json.SelfDescribingJson object at 0x7f7430f83a60>, <snowplow_tracker.self_describing_json.SelfDescribingJson object at 0x7f7430f80f40>]}
[0m15:33:13.922174 [debug] [MainThread]: Flushing usage events


============================== 2023-08-21 11:34:59.494080 | b8e76d25-9aea-4de4-a4e8-d67ffbd34d16 ==============================
[0m11:34:59.494080 [info ] [MainThread]: Running with dbt=1.4.7
[0m11:34:59.495775 [debug] [MainThread]: running dbt with arguments {'write_json': True, 'use_colors': True, 'printer_width': 80, 'version_check': True, 'partial_parse': True, 'static_parser': True, 'profiles_dir': '/home/vscode/.dbt', 'send_anonymous_usage_stats': True, 'quiet': False, 'no_print': False, 'cache_selected_only': False, 'config_dir': True, 'which': 'debug', 'indirect_selection': 'eager'}
[0m11:34:59.496103 [debug] [MainThread]: Tracking: tracking
[0m11:34:59.497826 [debug] [MainThread]: Sending event: {'category': 'dbt', 'action': 'invocation', 'label': 'start', 'context': [<snowplow_tracker.self_describing_json.SelfDescribingJson object at 0x7f79d9bf9a80>, <snowplow_tracker.self_describing_json.SelfDescribingJson object at 0x7f79d9bfa6e0>, <snowplow_tracker.self_describing_json.SelfDescribingJson object at 0x7f79d9bf8be0>]}
[0m11:34:59.498211 [info ] [MainThread]: To view your profiles.yml file, run:

xdg-open /home/vscode/.dbt
[0m11:34:59.498634 [debug] [MainThread]: Sending event: {'category': 'dbt', 'action': 'invocation', 'label': 'end', 'context': [<snowplow_tracker.self_describing_json.SelfDescribingJson object at 0x7f79d9bf9a80>, <snowplow_tracker.self_describing_json.SelfDescribingJson object at 0x7f79d9bf8be0>, <snowplow_tracker.self_describing_json.SelfDescribingJson object at 0x7f79d9bfa200>]}
[0m11:34:59.498933 [debug] [MainThread]: Flushing usage events
